2017-02-14 08:45:16.2351  19 ERROR LY.MES.WCF.Dispatch.DispatchCenterSerivce+<DispatchArrangedCraftsProcessAsync>d__4.MoveNext
<DispatchArrangedCraftsProcessAsync>d__4.MoveNext => LoggerExtensions.Error => LoggerExtensions.FilteredLog
 - System.NullReferenceException: 未将对象引用设置到对象的实例。
   在 LY.MES.WCF.Dispatch.DispatchCenterSerivce.<DispatchArrangedCraftsProcessAsync>d__4.MoveNext() 位置 d:\svn\MES\CODE\LY.MES\LY.MES.WCF\Dispatch\DispatchCenterSerivce.svc.cs:行号 219 

2017-02-14 08:49:20.7601  12 ERROR LY.MES.WCF.Dispatch.DispatchCenterSerivce+<DispatchArrangedCraftsProcessAsync>d__4.MoveNext
<DispatchArrangedCraftsProcessAsync>d__4.MoveNext => LoggerExtensions.Error => LoggerExtensions.FilteredLog
 - System.NullReferenceException: 未将对象引用设置到对象的实例。
   在 LY.MES.WCF.Dispatch.DispatchCenterSerivce.<DispatchArrangedCraftsProcessAsync>d__4.MoveNext() 位置 d:\svn\MES\CODE\LY.MES\LY.MES.WCF\Dispatch\DispatchCenterSerivce.svc.cs:行号 219 

2017-02-14 08:49:25.7503  11 ERROR LY.MES.WCF.Dispatch.DispatchCenterSerivce+<DispatchArrangedCraftsProcessAsync>d__4.MoveNext
<DispatchArrangedCraftsProcessAsync>d__4.MoveNext => LoggerExtensions.Error => LoggerExtensions.FilteredLog
 - System.NullReferenceException: 未将对象引用设置到对象的实例。
   在 LY.MES.WCF.Dispatch.DispatchCenterSerivce.<DispatchArrangedCraftsProcessAsync>d__4.MoveNext() 位置 d:\svn\MES\CODE\LY.MES\LY.MES.WCF\Dispatch\DispatchCenterSerivce.svc.cs:行号 219 

2017-02-14 08:49:25.7883  11 ERROR LY.MES.WCF.Dispatch.DispatchCenterSerivce+<DispatchArrangedCraftsProcessAsync>d__4.MoveNext
<DispatchArrangedCraftsProcessAsync>d__4.MoveNext => LoggerExtensions.Error => LoggerExtensions.FilteredLog
 - System.NullReferenceException: 未将对象引用设置到对象的实例。
   在 LY.MES.WCF.Dispatch.DispatchCenterSerivce.<DispatchArrangedCraftsProcessAsync>d__4.MoveNext() 位置 d:\svn\MES\CODE\LY.MES\LY.MES.WCF\Dispatch\DispatchCenterSerivce.svc.cs:行号 219 

2017-02-14 08:49:29.5596  11 ERROR LY.MES.WCF.Dispatch.DispatchCenterSerivce+<DispatchArrangedCraftsProcessAsync>d__4.MoveNext
<DispatchArrangedCraftsProcessAsync>d__4.MoveNext => LoggerExtensions.Error => LoggerExtensions.FilteredLog
 - System.NullReferenceException: 未将对象引用设置到对象的实例。
   在 LY.MES.WCF.Dispatch.DispatchCenterSerivce.<DispatchArrangedCraftsProcessAsync>d__4.MoveNext() 位置 d:\svn\MES\CODE\LY.MES\LY.MES.WCF\Dispatch\DispatchCenterSerivce.svc.cs:行号 219 

2017-02-14 08:49:29.6076  11 ERROR LY.MES.WCF.Dispatch.DispatchCenterSerivce+<DispatchArrangedCraftsProcessAsync>d__4.MoveNext
<DispatchArrangedCraftsProcessAsync>d__4.MoveNext => LoggerExtensions.Error => LoggerExtensions.FilteredLog
 - System.NullReferenceException: 未将对象引用设置到对象的实例。
   在 LY.MES.WCF.Dispatch.DispatchCenterSerivce.<DispatchArrangedCraftsProcessAsync>d__4.MoveNext() 位置 d:\svn\MES\CODE\LY.MES\LY.MES.WCF\Dispatch\DispatchCenterSerivce.svc.cs:行号 219 

2017-02-14 08:49:33.9188  11 ERROR LY.MES.WCF.Dispatch.DispatchCenterSerivce+<DispatchArrangedCraftsProcessAsync>d__4.MoveNext
<DispatchArrangedCraftsProcessAsync>d__4.MoveNext => LoggerExtensions.Error => LoggerExtensions.FilteredLog
 - System.NullReferenceException: 未将对象引用设置到对象的实例。
   在 LY.MES.WCF.Dispatch.DispatchCenterSerivce.<DispatchArrangedCraftsProcessAsync>d__4.MoveNext() 位置 d:\svn\MES\CODE\LY.MES\LY.MES.WCF\Dispatch\DispatchCenterSerivce.svc.cs:行号 219 

2017-02-14 08:49:33.9758  11 ERROR LY.MES.WCF.Dispatch.DispatchCenterSerivce+<DispatchArrangedCraftsProcessAsync>d__4.MoveNext
<DispatchArrangedCraftsProcessAsync>d__4.MoveNext => LoggerExtensions.Error => LoggerExtensions.FilteredLog
 - System.NullReferenceException: 未将对象引用设置到对象的实例。
   在 LY.MES.WCF.Dispatch.DispatchCenterSerivce.<DispatchArrangedCraftsProcessAsync>d__4.MoveNext() 位置 d:\svn\MES\CODE\LY.MES\LY.MES.WCF\Dispatch\DispatchCenterSerivce.svc.cs:行号 219 

2017-02-14 08:49:39.9722  12 ERROR LY.MES.WCF.Dispatch.DispatchCenterSerivce+<DispatchArrangedCraftsProcessAsync>d__4.MoveNext
<DispatchArrangedCraftsProcessAsync>d__4.MoveNext => LoggerExtensions.Error => LoggerExtensions.FilteredLog
 - System.NullReferenceException: 未将对象引用设置到对象的实例。
   在 LY.MES.WCF.Dispatch.DispatchCenterSerivce.<DispatchArrangedCraftsProcessAsync>d__4.MoveNext() 位置 d:\svn\MES\CODE\LY.MES\LY.MES.WCF\Dispatch\DispatchCenterSerivce.svc.cs:行号 219 

2017-02-14 08:49:40.0132  12 ERROR LY.MES.WCF.Dispatch.DispatchCenterSerivce+<DispatchArrangedCraftsProcessAsync>d__4.MoveNext
<DispatchArrangedCraftsProcessAsync>d__4.MoveNext => LoggerExtensions.Error => LoggerExtensions.FilteredLog
 - System.NullReferenceException: 未将对象引用设置到对象的实例。
   在 LY.MES.WCF.Dispatch.DispatchCenterSerivce.<DispatchArrangedCraftsProcessAsync>d__4.MoveNext() 位置 d:\svn\MES\CODE\LY.MES\LY.MES.WCF\Dispatch\DispatchCenterSerivce.svc.cs:行号 219 

2017-02-14 08:49:44.2674  10 ERROR LY.MES.WCF.Dispatch.DispatchCenterSerivce+<DispatchArrangedCraftsProcessAsync>d__4.MoveNext
<DispatchArrangedCraftsProcessAsync>d__4.MoveNext => LoggerExtensions.Error => LoggerExtensions.FilteredLog
 - System.NullReferenceException: 未将对象引用设置到对象的实例。
   在 LY.MES.WCF.Dispatch.DispatchCenterSerivce.<DispatchArrangedCraftsProcessAsync>d__4.MoveNext() 位置 d:\svn\MES\CODE\LY.MES\LY.MES.WCF\Dispatch\DispatchCenterSerivce.svc.cs:行号 219 

2017-02-14 08:49:57.7022  10 ERROR LY.MES.WCF.Dispatch.DispatchCenterSerivce+<DispatchArrangedCraftsProcessAsync>d__4.MoveNext
<DispatchArrangedCraftsProcessAsync>d__4.MoveNext => LoggerExtensions.Error => LoggerExtensions.FilteredLog
 - System.NullReferenceException: 未将对象引用设置到对象的实例。
   在 LY.MES.WCF.Dispatch.DispatchCenterSerivce.<DispatchArrangedCraftsProcessAsync>d__4.MoveNext() 位置 d:\svn\MES\CODE\LY.MES\LY.MES.WCF\Dispatch\DispatchCenterSerivce.svc.cs:行号 219 

2017-02-14 08:50:06.9727  11 ERROR LY.MES.WCF.Dispatch.DispatchCenterSerivce+<DispatchArrangedCraftsProcessAsync>d__4.MoveNext
<DispatchArrangedCraftsProcessAsync>d__4.MoveNext => LoggerExtensions.Error => LoggerExtensions.FilteredLog
 - System.NullReferenceException: 未将对象引用设置到对象的实例。
   在 LY.MES.WCF.Dispatch.DispatchCenterSerivce.<DispatchArrangedCraftsProcessAsync>d__4.MoveNext() 位置 d:\svn\MES\CODE\LY.MES\LY.MES.WCF\Dispatch\DispatchCenterSerivce.svc.cs:行号 219 

2017-02-14 08:50:11.5370  11 ERROR LY.MES.WCF.Dispatch.DispatchCenterSerivce+<DispatchArrangedCraftsProcessAsync>d__4.MoveNext
<DispatchArrangedCraftsProcessAsync>d__4.MoveNext => LoggerExtensions.Error => LoggerExtensions.FilteredLog
 - System.NullReferenceException: 未将对象引用设置到对象的实例。
   在 LY.MES.WCF.Dispatch.DispatchCenterSerivce.<DispatchArrangedCraftsProcessAsync>d__4.MoveNext() 位置 d:\svn\MES\CODE\LY.MES\LY.MES.WCF\Dispatch\DispatchCenterSerivce.svc.cs:行号 219 

2017-02-14 10:11:02.8414  25 ERROR LY.MES.WCF.Dispatch.DispatchCenterSerivce+<DispatchArrangedCraftsProcessAsync>d__4.MoveNext
<DispatchArrangedCraftsProcessAsync>d__4.MoveNext => LoggerExtensions.Error => LoggerExtensions.FilteredLog
 - System.NullReferenceException: 未将对象引用设置到对象的实例。
   在 LY.MES.WCF.Dispatch.DispatchCenterSerivce.<DispatchArrangedCraftsProcessAsync>d__4.MoveNext() 位置 d:\svn\MES\CODE\LY.MES\LY.MES.WCF\Dispatch\DispatchCenterSerivce.svc.cs:行号 219 

2017-02-14 10:11:45.9899  28 ERROR LY.MES.WCF.Dispatch.DispatchCenterSerivce+<DispatchArrangedCraftsProcessAsync>d__4.MoveNext
<DispatchArrangedCraftsProcessAsync>d__4.MoveNext => LoggerExtensions.Error => LoggerExtensions.FilteredLog
 - System.NullReferenceException: 未将对象引用设置到对象的实例。
   在 LY.MES.WCF.Dispatch.DispatchCenterSerivce.<DispatchArrangedCraftsProcessAsync>d__4.MoveNext() 位置 d:\svn\MES\CODE\LY.MES\LY.MES.WCF\Dispatch\DispatchCenterSerivce.svc.cs:行号 219 

2017-02-14 10:11:51.4482  25 ERROR LY.MES.WCF.Dispatch.DispatchCenterSerivce+<DispatchArrangedCraftsProcessAsync>d__4.MoveNext
<DispatchArrangedCraftsProcessAsync>d__4.MoveNext => LoggerExtensions.Error => LoggerExtensions.FilteredLog
 - System.NullReferenceException: 未将对象引用设置到对象的实例。
   在 LY.MES.WCF.Dispatch.DispatchCenterSerivce.<DispatchArrangedCraftsProcessAsync>d__4.MoveNext() 位置 d:\svn\MES\CODE\LY.MES\LY.MES.WCF\Dispatch\DispatchCenterSerivce.svc.cs:行号 219 

2017-02-14 10:11:51.4892  25 ERROR LY.MES.WCF.Dispatch.DispatchCenterSerivce+<DispatchArrangedCraftsProcessAsync>d__4.MoveNext
<DispatchArrangedCraftsProcessAsync>d__4.MoveNext => LoggerExtensions.Error => LoggerExtensions.FilteredLog
 - System.NullReferenceException: 未将对象引用设置到对象的实例。
   在 LY.MES.WCF.Dispatch.DispatchCenterSerivce.<DispatchArrangedCraftsProcessAsync>d__4.MoveNext() 位置 d:\svn\MES\CODE\LY.MES\LY.MES.WCF\Dispatch\DispatchCenterSerivce.svc.cs:行号 219 

2017-02-14 10:11:53.7384  25 ERROR LY.MES.WCF.Dispatch.DispatchCenterSerivce+<DispatchArrangedCraftsProcessAsync>d__4.MoveNext
<DispatchArrangedCraftsProcessAsync>d__4.MoveNext => LoggerExtensions.Error => LoggerExtensions.FilteredLog
 - System.NullReferenceException: 未将对象引用设置到对象的实例。
   在 LY.MES.WCF.Dispatch.DispatchCenterSerivce.<DispatchArrangedCraftsProcessAsync>d__4.MoveNext() 位置 d:\svn\MES\CODE\LY.MES\LY.MES.WCF\Dispatch\DispatchCenterSerivce.svc.cs:行号 219 

2017-02-14 10:11:53.7764  25 ERROR LY.MES.WCF.Dispatch.DispatchCenterSerivce+<DispatchArrangedCraftsProcessAsync>d__4.MoveNext
<DispatchArrangedCraftsProcessAsync>d__4.MoveNext => LoggerExtensions.Error => LoggerExtensions.FilteredLog
 - System.NullReferenceException: 未将对象引用设置到对象的实例。
   在 LY.MES.WCF.Dispatch.DispatchCenterSerivce.<DispatchArrangedCraftsProcessAsync>d__4.MoveNext() 位置 d:\svn\MES\CODE\LY.MES\LY.MES.WCF\Dispatch\DispatchCenterSerivce.svc.cs:行号 219 

2017-02-14 10:11:55.9405  25 ERROR LY.MES.WCF.Dispatch.DispatchCenterSerivce+<DispatchArrangedCraftsProcessAsync>d__4.MoveNext
<DispatchArrangedCraftsProcessAsync>d__4.MoveNext => LoggerExtensions.Error => LoggerExtensions.FilteredLog
 - System.NullReferenceException: 未将对象引用设置到对象的实例。
   在 LY.MES.WCF.Dispatch.DispatchCenterSerivce.<DispatchArrangedCraftsProcessAsync>d__4.MoveNext() 位置 d:\svn\MES\CODE\LY.MES\LY.MES.WCF\Dispatch\DispatchCenterSerivce.svc.cs:行号 219 

2017-02-14 10:11:55.9815  25 ERROR LY.MES.WCF.Dispatch.DispatchCenterSerivce+<DispatchArrangedCraftsProcessAsync>d__4.MoveNext
<DispatchArrangedCraftsProcessAsync>d__4.MoveNext => LoggerExtensions.Error => LoggerExtensions.FilteredLog
 - System.NullReferenceException: 未将对象引用设置到对象的实例。
   在 LY.MES.WCF.Dispatch.DispatchCenterSerivce.<DispatchArrangedCraftsProcessAsync>d__4.MoveNext() 位置 d:\svn\MES\CODE\LY.MES\LY.MES.WCF\Dispatch\DispatchCenterSerivce.svc.cs:行号 219 

2017-02-14 10:11:58.5876  25 ERROR LY.MES.WCF.Dispatch.DispatchCenterSerivce+<DispatchArrangedCraftsProcessAsync>d__4.MoveNext
<DispatchArrangedCraftsProcessAsync>d__4.MoveNext => LoggerExtensions.Error => LoggerExtensions.FilteredLog
 - System.NullReferenceException: 未将对象引用设置到对象的实例。
   在 LY.MES.WCF.Dispatch.DispatchCenterSerivce.<DispatchArrangedCraftsProcessAsync>d__4.MoveNext() 位置 d:\svn\MES\CODE\LY.MES\LY.MES.WCF\Dispatch\DispatchCenterSerivce.svc.cs:行号 219 

2017-02-14 10:11:58.6466  25 ERROR LY.MES.WCF.Dispatch.DispatchCenterSerivce+<DispatchArrangedCraftsProcessAsync>d__4.MoveNext
<DispatchArrangedCraftsProcessAsync>d__4.MoveNext => LoggerExtensions.Error => LoggerExtensions.FilteredLog
 - System.NullReferenceException: 未将对象引用设置到对象的实例。
   在 LY.MES.WCF.Dispatch.DispatchCenterSerivce.<DispatchArrangedCraftsProcessAsync>d__4.MoveNext() 位置 d:\svn\MES\CODE\LY.MES\LY.MES.WCF\Dispatch\DispatchCenterSerivce.svc.cs:行号 219 

2017-02-14 10:12:00.9788  25 ERROR LY.MES.WCF.Dispatch.DispatchCenterSerivce+<DispatchArrangedCraftsProcessAsync>d__4.MoveNext
<DispatchArrangedCraftsProcessAsync>d__4.MoveNext => LoggerExtensions.Error => LoggerExtensions.FilteredLog
 - System.NullReferenceException: 未将对象引用设置到对象的实例。
   在 LY.MES.WCF.Dispatch.DispatchCenterSerivce.<DispatchArrangedCraftsProcessAsync>d__4.MoveNext() 位置 d:\svn\MES\CODE\LY.MES\LY.MES.WCF\Dispatch\DispatchCenterSerivce.svc.cs:行号 219 

2017-02-14 10:12:13.8455  26 ERROR LY.MES.WCF.Dispatch.DispatchCenterSerivce+<DispatchArrangedCraftsProcessAsync>d__4.MoveNext
<DispatchArrangedCraftsProcessAsync>d__4.MoveNext => LoggerExtensions.Error => LoggerExtensions.FilteredLog
 - System.NullReferenceException: 未将对象引用设置到对象的实例。
   在 LY.MES.WCF.Dispatch.DispatchCenterSerivce.<DispatchArrangedCraftsProcessAsync>d__4.MoveNext() 位置 d:\svn\MES\CODE\LY.MES\LY.MES.WCF\Dispatch\DispatchCenterSerivce.svc.cs:行号 219 

2017-02-14 10:12:19.6718  24 ERROR LY.MES.WCF.Dispatch.DispatchCenterSerivce+<DispatchArrangedCraftsProcessAsync>d__4.MoveNext
<DispatchArrangedCraftsProcessAsync>d__4.MoveNext => LoggerExtensions.Error => LoggerExtensions.FilteredLog
 - System.NullReferenceException: 未将对象引用设置到对象的实例。
   在 LY.MES.WCF.Dispatch.DispatchCenterSerivce.<DispatchArrangedCraftsProcessAsync>d__4.MoveNext() 位置 d:\svn\MES\CODE\LY.MES\LY.MES.WCF\Dispatch\DispatchCenterSerivce.svc.cs:行号 219 

2017-02-14 10:12:24.0261  26 ERROR LY.MES.WCF.Dispatch.DispatchCenterSerivce+<DispatchArrangedCraftsProcessAsync>d__4.MoveNext
<DispatchArrangedCraftsProcessAsync>d__4.MoveNext => LoggerExtensions.Error => LoggerExtensions.FilteredLog
 - System.NullReferenceException: 未将对象引用设置到对象的实例。
   在 LY.MES.WCF.Dispatch.DispatchCenterSerivce.<DispatchArrangedCraftsProcessAsync>d__4.MoveNext() 位置 d:\svn\MES\CODE\LY.MES\LY.MES.WCF\Dispatch\DispatchCenterSerivce.svc.cs:行号 219 

2017-02-14 10:13:22.3634  25 ERROR LY.MES.WCF.Dispatch.DispatchCenterSerivce+<DispatchArrangedCraftsProcessAsync>d__4.MoveNext
<DispatchArrangedCraftsProcessAsync>d__4.MoveNext => LoggerExtensions.Error => LoggerExtensions.FilteredLog
 - System.NullReferenceException: 未将对象引用设置到对象的实例。
   在 LY.MES.WCF.Dispatch.DispatchCenterSerivce.<DispatchArrangedCraftsProcessAsync>d__4.MoveNext() 位置 d:\svn\MES\CODE\LY.MES\LY.MES.WCF\Dispatch\DispatchCenterSerivce.svc.cs:行号 209 

2017-02-14 10:21:10.0842  10 ERROR LY.MES.WCF.Dispatch.DispatchCenterSerivce+<DispatchArrangedCraftsProcessAsync>d__4.MoveNext
<DispatchArrangedCraftsProcessAsync>d__4.MoveNext => LoggerExtensions.Error => LoggerExtensions.FilteredLog
 - System.NullReferenceException: 未将对象引用设置到对象的实例。
   在 LY.MES.WCF.Dispatch.DispatchCenterSerivce.<DispatchArrangedCraftsProcessAsync>d__4.MoveNext() 位置 d:\svn\MES\CODE\LY.MES\LY.MES.WCF\Dispatch\DispatchCenterSerivce.svc.cs:行号 219 

2017-02-14 10:21:23.6709  12 ERROR LY.MES.WCF.Dispatch.DispatchCenterSerivce+<DispatchArrangedCraftsProcessAsync>d__4.MoveNext
<DispatchArrangedCraftsProcessAsync>d__4.MoveNext => LoggerExtensions.Error => LoggerExtensions.FilteredLog
 - System.NullReferenceException: 未将对象引用设置到对象的实例。
   在 LY.MES.WCF.Dispatch.DispatchCenterSerivce.<DispatchArrangedCraftsProcessAsync>d__4.MoveNext() 位置 d:\svn\MES\CODE\LY.MES\LY.MES.WCF\Dispatch\DispatchCenterSerivce.svc.cs:行号 219 

2017-02-14 10:21:25.6761   8 ERROR LY.MES.WCF.Dispatch.DispatchCenterSerivce+<DispatchArrangedCraftsProcessAsync>d__4.MoveNext
<DispatchArrangedCraftsProcessAsync>d__4.MoveNext => LoggerExtensions.Error => LoggerExtensions.FilteredLog
 - System.NullReferenceException: 未将对象引用设置到对象的实例。
   在 LY.MES.WCF.Dispatch.DispatchCenterSerivce.<DispatchArrangedCraftsProcessAsync>d__4.MoveNext() 位置 d:\svn\MES\CODE\LY.MES\LY.MES.WCF\Dispatch\DispatchCenterSerivce.svc.cs:行号 219 

2017-02-14 10:21:25.7151   8 ERROR LY.MES.WCF.Dispatch.DispatchCenterSerivce+<DispatchArrangedCraftsProcessAsync>d__4.MoveNext
<DispatchArrangedCraftsProcessAsync>d__4.MoveNext => LoggerExtensions.Error => LoggerExtensions.FilteredLog
 - System.NullReferenceException: 未将对象引用设置到对象的实例。
   在 LY.MES.WCF.Dispatch.DispatchCenterSerivce.<DispatchArrangedCraftsProcessAsync>d__4.MoveNext() 位置 d:\svn\MES\CODE\LY.MES\LY.MES.WCF\Dispatch\DispatchCenterSerivce.svc.cs:行号 219 

2017-02-14 10:21:27.7032   8 ERROR LY.MES.WCF.Dispatch.DispatchCenterSerivce+<DispatchArrangedCraftsProcessAsync>d__4.MoveNext
<DispatchArrangedCraftsProcessAsync>d__4.MoveNext => LoggerExtensions.Error => LoggerExtensions.FilteredLog
 - System.NullReferenceException: 未将对象引用设置到对象的实例。
   在 LY.MES.WCF.Dispatch.DispatchCenterSerivce.<DispatchArrangedCraftsProcessAsync>d__4.MoveNext() 位置 d:\svn\MES\CODE\LY.MES\LY.MES.WCF\Dispatch\DispatchCenterSerivce.svc.cs:行号 219 

2017-02-14 10:21:27.7412   8 ERROR LY.MES.WCF.Dispatch.DispatchCenterSerivce+<DispatchArrangedCraftsProcessAsync>d__4.MoveNext
<DispatchArrangedCraftsProcessAsync>d__4.MoveNext => LoggerExtensions.Error => LoggerExtensions.FilteredLog
 - System.NullReferenceException: 未将对象引用设置到对象的实例。
   在 LY.MES.WCF.Dispatch.DispatchCenterSerivce.<DispatchArrangedCraftsProcessAsync>d__4.MoveNext() 位置 d:\svn\MES\CODE\LY.MES\LY.MES.WCF\Dispatch\DispatchCenterSerivce.svc.cs:行号 219 

2017-02-14 10:21:29.7563   8 ERROR LY.MES.WCF.Dispatch.DispatchCenterSerivce+<DispatchArrangedCraftsProcessAsync>d__4.MoveNext
<DispatchArrangedCraftsProcessAsync>d__4.MoveNext => LoggerExtensions.Error => LoggerExtensions.FilteredLog
 - System.NullReferenceException: 未将对象引用设置到对象的实例。
   在 LY.MES.WCF.Dispatch.DispatchCenterSerivce.<DispatchArrangedCraftsProcessAsync>d__4.MoveNext() 位置 d:\svn\MES\CODE\LY.MES\LY.MES.WCF\Dispatch\DispatchCenterSerivce.svc.cs:行号 219 

2017-02-14 10:21:29.8073   8 ERROR LY.MES.WCF.Dispatch.DispatchCenterSerivce+<DispatchArrangedCraftsProcessAsync>d__4.MoveNext
<DispatchArrangedCraftsProcessAsync>d__4.MoveNext => LoggerExtensions.Error => LoggerExtensions.FilteredLog
 - System.NullReferenceException: 未将对象引用设置到对象的实例。
   在 LY.MES.WCF.Dispatch.DispatchCenterSerivce.<DispatchArrangedCraftsProcessAsync>d__4.MoveNext() 位置 d:\svn\MES\CODE\LY.MES\LY.MES.WCF\Dispatch\DispatchCenterSerivce.svc.cs:行号 219 

2017-02-14 10:21:31.5984   8 ERROR LY.MES.WCF.Dispatch.DispatchCenterSerivce+<DispatchArrangedCraftsProcessAsync>d__4.MoveNext
<DispatchArrangedCraftsProcessAsync>d__4.MoveNext => LoggerExtensions.Error => LoggerExtensions.FilteredLog
 - System.NullReferenceException: 未将对象引用设置到对象的实例。
   在 LY.MES.WCF.Dispatch.DispatchCenterSerivce.<DispatchArrangedCraftsProcessAsync>d__4.MoveNext() 位置 d:\svn\MES\CODE\LY.MES\LY.MES.WCF\Dispatch\DispatchCenterSerivce.svc.cs:行号 219 

2017-02-14 10:21:31.6444   8 ERROR LY.MES.WCF.Dispatch.DispatchCenterSerivce+<DispatchArrangedCraftsProcessAsync>d__4.MoveNext
<DispatchArrangedCraftsProcessAsync>d__4.MoveNext => LoggerExtensions.Error => LoggerExtensions.FilteredLog
 - System.NullReferenceException: 未将对象引用设置到对象的实例。
   在 LY.MES.WCF.Dispatch.DispatchCenterSerivce.<DispatchArrangedCraftsProcessAsync>d__4.MoveNext() 位置 d:\svn\MES\CODE\LY.MES\LY.MES.WCF\Dispatch\DispatchCenterSerivce.svc.cs:行号 219 

2017-02-14 10:21:33.6545   8 ERROR LY.MES.WCF.Dispatch.DispatchCenterSerivce+<DispatchArrangedCraftsProcessAsync>d__4.MoveNext
<DispatchArrangedCraftsProcessAsync>d__4.MoveNext => LoggerExtensions.Error => LoggerExtensions.FilteredLog
 - System.NullReferenceException: 未将对象引用设置到对象的实例。
   在 LY.MES.WCF.Dispatch.DispatchCenterSerivce.<DispatchArrangedCraftsProcessAsync>d__4.MoveNext() 位置 d:\svn\MES\CODE\LY.MES\LY.MES.WCF\Dispatch\DispatchCenterSerivce.svc.cs:行号 219 

2017-02-14 10:21:42.4320   8 ERROR LY.MES.WCF.Dispatch.DispatchCenterSerivce+<DispatchArrangedCraftsProcessAsync>d__4.MoveNext
<DispatchArrangedCraftsProcessAsync>d__4.MoveNext => LoggerExtensions.Error => LoggerExtensions.FilteredLog
 - System.NullReferenceException: 未将对象引用设置到对象的实例。
   在 LY.MES.WCF.Dispatch.DispatchCenterSerivce.<DispatchArrangedCraftsProcessAsync>d__4.MoveNext() 位置 d:\svn\MES\CODE\LY.MES\LY.MES.WCF\Dispatch\DispatchCenterSerivce.svc.cs:行号 219 

2017-02-14 10:21:46.1962   8 ERROR LY.MES.WCF.Dispatch.DispatchCenterSerivce+<DispatchArrangedCraftsProcessAsync>d__4.MoveNext
<DispatchArrangedCraftsProcessAsync>d__4.MoveNext => LoggerExtensions.Error => LoggerExtensions.FilteredLog
 - System.NullReferenceException: 未将对象引用设置到对象的实例。
   在 LY.MES.WCF.Dispatch.DispatchCenterSerivce.<DispatchArrangedCraftsProcessAsync>d__4.MoveNext() 位置 d:\svn\MES\CODE\LY.MES\LY.MES.WCF\Dispatch\DispatchCenterSerivce.svc.cs:行号 219 

2017-02-14 10:21:49.6214   8 ERROR LY.MES.WCF.Dispatch.DispatchCenterSerivce+<DispatchArrangedCraftsProcessAsync>d__4.MoveNext
<DispatchArrangedCraftsProcessAsync>d__4.MoveNext => LoggerExtensions.Error => LoggerExtensions.FilteredLog
 - System.NullReferenceException: 未将对象引用设置到对象的实例。
   在 LY.MES.WCF.Dispatch.DispatchCenterSerivce.<DispatchArrangedCraftsProcessAsync>d__4.MoveNext() 位置 d:\svn\MES\CODE\LY.MES\LY.MES.WCF\Dispatch\DispatchCenterSerivce.svc.cs:行号 219 

2017-02-14 10:22:28.3887   8 ERROR LY.MES.WCF.Dispatch.DispatchCenterSerivce+<DispatchArrangedCraftsProcessAsync>d__4.MoveNext
<DispatchArrangedCraftsProcessAsync>d__4.MoveNext => LoggerExtensions.Error => LoggerExtensions.FilteredLog
 - System.NullReferenceException: 未将对象引用设置到对象的实例。
   在 LY.MES.WCF.Dispatch.DispatchCenterSerivce.<DispatchArrangedCraftsProcessAsync>d__4.MoveNext() 位置 d:\svn\MES\CODE\LY.MES\LY.MES.WCF\Dispatch\DispatchCenterSerivce.svc.cs:行号 209 

2017-02-14 10:22:35.1690  27 ERROR LY.MES.WCF.Dispatch.DispatchCenterSerivce+<DispatchArrangedCraftsProcessAsync>d__4.MoveNext
<DispatchArrangedCraftsProcessAsync>d__4.MoveNext => LoggerExtensions.Error => LoggerExtensions.FilteredLog
 - System.NullReferenceException: 未将对象引用设置到对象的实例。
   在 LY.MES.WCF.Dispatch.DispatchCenterSerivce.<DispatchArrangedCraftsProcessAsync>d__4.MoveNext() 位置 d:\svn\MES\CODE\LY.MES\LY.MES.WCF\Dispatch\DispatchCenterSerivce.svc.cs:行号 219 

2017-02-14 10:22:46.0167  25 ERROR LY.MES.WCF.Dispatch.DispatchCenterSerivce+<DispatchArrangedCraftsProcessAsync>d__4.MoveNext
<DispatchArrangedCraftsProcessAsync>d__4.MoveNext => LoggerExtensions.Error => LoggerExtensions.FilteredLog
 - System.NullReferenceException: 未将对象引用设置到对象的实例。
   在 LY.MES.WCF.Dispatch.DispatchCenterSerivce.<DispatchArrangedCraftsProcessAsync>d__4.MoveNext() 位置 d:\svn\MES\CODE\LY.MES\LY.MES.WCF\Dispatch\DispatchCenterSerivce.svc.cs:行号 219 

2017-02-14 10:22:51.1690   8 ERROR LY.MES.WCF.Dispatch.DispatchCenterSerivce+<DispatchArrangedCraftsProcessAsync>d__4.MoveNext
<DispatchArrangedCraftsProcessAsync>d__4.MoveNext => LoggerExtensions.Error => LoggerExtensions.FilteredLog
 - System.NullReferenceException: 未将对象引用设置到对象的实例。
   在 LY.MES.WCF.Dispatch.DispatchCenterSerivce.<DispatchArrangedCraftsProcessAsync>d__4.MoveNext() 位置 d:\svn\MES\CODE\LY.MES\LY.MES.WCF\Dispatch\DispatchCenterSerivce.svc.cs:行号 219 

2017-02-14 10:22:51.2150   8 ERROR LY.MES.WCF.Dispatch.DispatchCenterSerivce+<DispatchArrangedCraftsProcessAsync>d__4.MoveNext
<DispatchArrangedCraftsProcessAsync>d__4.MoveNext => LoggerExtensions.Error => LoggerExtensions.FilteredLog
 - System.NullReferenceException: 未将对象引用设置到对象的实例。
   在 LY.MES.WCF.Dispatch.DispatchCenterSerivce.<DispatchArrangedCraftsProcessAsync>d__4.MoveNext() 位置 d:\svn\MES\CODE\LY.MES\LY.MES.WCF\Dispatch\DispatchCenterSerivce.svc.cs:行号 219 

2017-02-14 10:22:53.7751   8 ERROR LY.MES.WCF.Dispatch.DispatchCenterSerivce+<DispatchArrangedCraftsProcessAsync>d__4.MoveNext
<DispatchArrangedCraftsProcessAsync>d__4.MoveNext => LoggerExtensions.Error => LoggerExtensions.FilteredLog
 - System.NullReferenceException: 未将对象引用设置到对象的实例。
   在 LY.MES.WCF.Dispatch.DispatchCenterSerivce.<DispatchArrangedCraftsProcessAsync>d__4.MoveNext() 位置 d:\svn\MES\CODE\LY.MES\LY.MES.WCF\Dispatch\DispatchCenterSerivce.svc.cs:行号 219 

2017-02-14 10:22:53.8311   8 ERROR LY.MES.WCF.Dispatch.DispatchCenterSerivce+<DispatchArrangedCraftsProcessAsync>d__4.MoveNext
<DispatchArrangedCraftsProcessAsync>d__4.MoveNext => LoggerExtensions.Error => LoggerExtensions.FilteredLog
 - System.NullReferenceException: 未将对象引用设置到对象的实例。
   在 LY.MES.WCF.Dispatch.DispatchCenterSerivce.<DispatchArrangedCraftsProcessAsync>d__4.MoveNext() 位置 d:\svn\MES\CODE\LY.MES\LY.MES.WCF\Dispatch\DispatchCenterSerivce.svc.cs:行号 219 

2017-02-14 10:22:56.2112  26 ERROR LY.MES.WCF.Dispatch.DispatchCenterSerivce+<DispatchArrangedCraftsProcessAsync>d__4.MoveNext
<DispatchArrangedCraftsProcessAsync>d__4.MoveNext => LoggerExtensions.Error => LoggerExtensions.FilteredLog
 - System.NullReferenceException: 未将对象引用设置到对象的实例。
   在 LY.MES.WCF.Dispatch.DispatchCenterSerivce.<DispatchArrangedCraftsProcessAsync>d__4.MoveNext() 位置 d:\svn\MES\CODE\LY.MES\LY.MES.WCF\Dispatch\DispatchCenterSerivce.svc.cs:行号 219 

2017-02-14 10:22:56.2512  26 ERROR LY.MES.WCF.Dispatch.DispatchCenterSerivce+<DispatchArrangedCraftsProcessAsync>d__4.MoveNext
<DispatchArrangedCraftsProcessAsync>d__4.MoveNext => LoggerExtensions.Error => LoggerExtensions.FilteredLog
 - System.NullReferenceException: 未将对象引用设置到对象的实例。
   在 LY.MES.WCF.Dispatch.DispatchCenterSerivce.<DispatchArrangedCraftsProcessAsync>d__4.MoveNext() 位置 d:\svn\MES\CODE\LY.MES\LY.MES.WCF\Dispatch\DispatchCenterSerivce.svc.cs:行号 219 

2017-02-14 10:22:58.7244  26 ERROR LY.MES.WCF.Dispatch.DispatchCenterSerivce+<DispatchArrangedCraftsProcessAsync>d__4.MoveNext
<DispatchArrangedCraftsProcessAsync>d__4.MoveNext => LoggerExtensions.Error => LoggerExtensions.FilteredLog
 - System.NullReferenceException: 未将对象引用设置到对象的实例。
   在 LY.MES.WCF.Dispatch.DispatchCenterSerivce.<DispatchArrangedCraftsProcessAsync>d__4.MoveNext() 位置 d:\svn\MES\CODE\LY.MES\LY.MES.WCF\Dispatch\DispatchCenterSerivce.svc.cs:行号 219 

2017-02-14 10:22:58.7744  26 ERROR LY.MES.WCF.Dispatch.DispatchCenterSerivce+<DispatchArrangedCraftsProcessAsync>d__4.MoveNext
<DispatchArrangedCraftsProcessAsync>d__4.MoveNext => LoggerExtensions.Error => LoggerExtensions.FilteredLog
 - System.NullReferenceException: 未将对象引用设置到对象的实例。
   在 LY.MES.WCF.Dispatch.DispatchCenterSerivce.<DispatchArrangedCraftsProcessAsync>d__4.MoveNext() 位置 d:\svn\MES\CODE\LY.MES\LY.MES.WCF\Dispatch\DispatchCenterSerivce.svc.cs:行号 219 

2017-02-14 10:23:01.3115   8 ERROR LY.MES.WCF.Dispatch.DispatchCenterSerivce+<DispatchArrangedCraftsProcessAsync>d__4.MoveNext
<DispatchArrangedCraftsProcessAsync>d__4.MoveNext => LoggerExtensions.Error => LoggerExtensions.FilteredLog
 - System.NullReferenceException: 未将对象引用设置到对象的实例。
   在 LY.MES.WCF.Dispatch.DispatchCenterSerivce.<DispatchArrangedCraftsProcessAsync>d__4.MoveNext() 位置 d:\svn\MES\CODE\LY.MES\LY.MES.WCF\Dispatch\DispatchCenterSerivce.svc.cs:行号 219 

2017-02-14 10:23:09.6610   8 ERROR LY.MES.WCF.Dispatch.DispatchCenterSerivce+<DispatchArrangedCraftsProcessAsync>d__4.MoveNext
<DispatchArrangedCraftsProcessAsync>d__4.MoveNext => LoggerExtensions.Error => LoggerExtensions.FilteredLog
 - System.NullReferenceException: 未将对象引用设置到对象的实例。
   在 LY.MES.WCF.Dispatch.DispatchCenterSerivce.<DispatchArrangedCraftsProcessAsync>d__4.MoveNext() 位置 d:\svn\MES\CODE\LY.MES\LY.MES.WCF\Dispatch\DispatchCenterSerivce.svc.cs:行号 219 

2017-02-14 10:23:21.5807   8 ERROR LY.MES.WCF.Dispatch.DispatchCenterSerivce+<DispatchArrangedCraftsProcessAsync>d__4.MoveNext
<DispatchArrangedCraftsProcessAsync>d__4.MoveNext => LoggerExtensions.Error => LoggerExtensions.FilteredLog
 - System.NullReferenceException: 未将对象引用设置到对象的实例。
   在 LY.MES.WCF.Dispatch.DispatchCenterSerivce.<DispatchArrangedCraftsProcessAsync>d__4.MoveNext() 位置 d:\svn\MES\CODE\LY.MES\LY.MES.WCF\Dispatch\DispatchCenterSerivce.svc.cs:行号 219 

2017-02-14 10:23:26.7980   8 ERROR LY.MES.WCF.Dispatch.DispatchCenterSerivce+<DispatchArrangedCraftsProcessAsync>d__4.MoveNext
<DispatchArrangedCraftsProcessAsync>d__4.MoveNext => LoggerExtensions.Error => LoggerExtensions.FilteredLog
 - System.NullReferenceException: 未将对象引用设置到对象的实例。
   在 LY.MES.WCF.Dispatch.DispatchCenterSerivce.<DispatchArrangedCraftsProcessAsync>d__4.MoveNext() 位置 d:\svn\MES\CODE\LY.MES\LY.MES.WCF\Dispatch\DispatchCenterSerivce.svc.cs:行号 219 

2017-02-14 10:29:17.9101   8 ERROR LY.MES.WCF.Dispatch.DispatchCenterSerivce+<DispatchArrangedCraftsProcessAsync>d__4.MoveNext
<DispatchArrangedCraftsProcessAsync>d__4.MoveNext => LoggerExtensions.Error => LoggerExtensions.FilteredLog
 - System.NullReferenceException: 未将对象引用设置到对象的实例。
   在 LY.MES.WCF.Dispatch.DispatchCenterSerivce.<DispatchArrangedCraftsProcessAsync>d__4.MoveNext() 位置 d:\svn\MES\CODE\LY.MES\LY.MES.WCF\Dispatch\DispatchCenterSerivce.svc.cs:行号 209 

2017-02-14 10:29:49.1959  34 ERROR LY.MES.WCF.Dispatch.DispatchCenterSerivce+<DispatchArrangedCraftsProcessAsync>d__4.MoveNext
<DispatchArrangedCraftsProcessAsync>d__4.MoveNext => LoggerExtensions.Error => LoggerExtensions.FilteredLog
 - System.NullReferenceException: 未将对象引用设置到对象的实例。
   在 LY.MES.WCF.Dispatch.DispatchCenterSerivce.<DispatchArrangedCraftsProcessAsync>d__4.MoveNext() 位置 d:\svn\MES\CODE\LY.MES\LY.MES.WCF\Dispatch\DispatchCenterSerivce.svc.cs:行号 219 

2017-02-14 10:30:31.8733  34 ERROR LY.MES.WCF.Dispatch.DispatchCenterSerivce+<DispatchArrangedCraftsProcessAsync>d__4.MoveNext
<DispatchArrangedCraftsProcessAsync>d__4.MoveNext => LoggerExtensions.Error => LoggerExtensions.FilteredLog
 - System.NullReferenceException: 未将对象引用设置到对象的实例。
   在 LY.MES.WCF.Dispatch.DispatchCenterSerivce.<DispatchArrangedCraftsProcessAsync>d__4.MoveNext() 位置 d:\svn\MES\CODE\LY.MES\LY.MES.WCF\Dispatch\DispatchCenterSerivce.svc.cs:行号 219 

2017-02-14 10:30:34.0434  21 ERROR LY.MES.WCF.Dispatch.DispatchCenterSerivce+<DispatchArrangedCraftsProcessAsync>d__4.MoveNext
<DispatchArrangedCraftsProcessAsync>d__4.MoveNext => LoggerExtensions.Error => LoggerExtensions.FilteredLog
 - System.NullReferenceException: 未将对象引用设置到对象的实例。
   在 LY.MES.WCF.Dispatch.DispatchCenterSerivce.<DispatchArrangedCraftsProcessAsync>d__4.MoveNext() 位置 d:\svn\MES\CODE\LY.MES\LY.MES.WCF\Dispatch\DispatchCenterSerivce.svc.cs:行号 219 

2017-02-14 10:30:34.0934  21 ERROR LY.MES.WCF.Dispatch.DispatchCenterSerivce+<DispatchArrangedCraftsProcessAsync>d__4.MoveNext
<DispatchArrangedCraftsProcessAsync>d__4.MoveNext => LoggerExtensions.Error => LoggerExtensions.FilteredLog
 - System.NullReferenceException: 未将对象引用设置到对象的实例。
   在 LY.MES.WCF.Dispatch.DispatchCenterSerivce.<DispatchArrangedCraftsProcessAsync>d__4.MoveNext() 位置 d:\svn\MES\CODE\LY.MES\LY.MES.WCF\Dispatch\DispatchCenterSerivce.svc.cs:行号 219 

2017-02-14 10:30:36.3296  34 ERROR LY.MES.WCF.Dispatch.DispatchCenterSerivce+<DispatchArrangedCraftsProcessAsync>d__4.MoveNext
<DispatchArrangedCraftsProcessAsync>d__4.MoveNext => LoggerExtensions.Error => LoggerExtensions.FilteredLog
 - System.NullReferenceException: 未将对象引用设置到对象的实例。
   在 LY.MES.WCF.Dispatch.DispatchCenterSerivce.<DispatchArrangedCraftsProcessAsync>d__4.MoveNext() 位置 d:\svn\MES\CODE\LY.MES\LY.MES.WCF\Dispatch\DispatchCenterSerivce.svc.cs:行号 219 

2017-02-14 10:30:36.4046  34 ERROR LY.MES.WCF.Dispatch.DispatchCenterSerivce+<DispatchArrangedCraftsProcessAsync>d__4.MoveNext
<DispatchArrangedCraftsProcessAsync>d__4.MoveNext => LoggerExtensions.Error => LoggerExtensions.FilteredLog
 - System.NullReferenceException: 未将对象引用设置到对象的实例。
   在 LY.MES.WCF.Dispatch.DispatchCenterSerivce.<DispatchArrangedCraftsProcessAsync>d__4.MoveNext() 位置 d:\svn\MES\CODE\LY.MES\LY.MES.WCF\Dispatch\DispatchCenterSerivce.svc.cs:行号 219 

2017-02-14 10:30:38.5777  34 ERROR LY.MES.WCF.Dispatch.DispatchCenterSerivce+<DispatchArrangedCraftsProcessAsync>d__4.MoveNext
<DispatchArrangedCraftsProcessAsync>d__4.MoveNext => LoggerExtensions.Error => LoggerExtensions.FilteredLog
 - System.NullReferenceException: 未将对象引用设置到对象的实例。
   在 LY.MES.WCF.Dispatch.DispatchCenterSerivce.<DispatchArrangedCraftsProcessAsync>d__4.MoveNext() 位置 d:\svn\MES\CODE\LY.MES\LY.MES.WCF\Dispatch\DispatchCenterSerivce.svc.cs:行号 219 

2017-02-14 10:30:38.6207  34 ERROR LY.MES.WCF.Dispatch.DispatchCenterSerivce+<DispatchArrangedCraftsProcessAsync>d__4.MoveNext
<DispatchArrangedCraftsProcessAsync>d__4.MoveNext => LoggerExtensions.Error => LoggerExtensions.FilteredLog
 - System.NullReferenceException: 未将对象引用设置到对象的实例。
   在 LY.MES.WCF.Dispatch.DispatchCenterSerivce.<DispatchArrangedCraftsProcessAsync>d__4.MoveNext() 位置 d:\svn\MES\CODE\LY.MES\LY.MES.WCF\Dispatch\DispatchCenterSerivce.svc.cs:行号 219 

2017-02-14 10:30:40.7268  19 ERROR LY.MES.WCF.Dispatch.DispatchCenterSerivce+<DispatchArrangedCraftsProcessAsync>d__4.MoveNext
<DispatchArrangedCraftsProcessAsync>d__4.MoveNext => LoggerExtensions.Error => LoggerExtensions.FilteredLog
 - System.NullReferenceException: 未将对象引用设置到对象的实例。
   在 LY.MES.WCF.Dispatch.DispatchCenterSerivce.<DispatchArrangedCraftsProcessAsync>d__4.MoveNext() 位置 d:\svn\MES\CODE\LY.MES\LY.MES.WCF\Dispatch\DispatchCenterSerivce.svc.cs:行号 219 

2017-02-14 10:30:40.7718  19 ERROR LY.MES.WCF.Dispatch.DispatchCenterSerivce+<DispatchArrangedCraftsProcessAsync>d__4.MoveNext
<DispatchArrangedCraftsProcessAsync>d__4.MoveNext => LoggerExtensions.Error => LoggerExtensions.FilteredLog
 - System.NullReferenceException: 未将对象引用设置到对象的实例。
   在 LY.MES.WCF.Dispatch.DispatchCenterSerivce.<DispatchArrangedCraftsProcessAsync>d__4.MoveNext() 位置 d:\svn\MES\CODE\LY.MES\LY.MES.WCF\Dispatch\DispatchCenterSerivce.svc.cs:行号 219 

2017-02-14 10:36:57.7864   9 ERROR LY.MES.WCF.Dispatch.DispatchCenterSerivce+<DispatchArrangedCraftsProcessAsync>d__4.MoveNext
<DispatchArrangedCraftsProcessAsync>d__4.MoveNext => LoggerExtensions.Error => LoggerExtensions.FilteredLog
 - System.NullReferenceException: 未将对象引用设置到对象的实例。
   在 LY.MES.WCF.Dispatch.DispatchCenterSerivce.<DispatchArrangedCraftsProcessAsync>d__4.MoveNext() 位置 d:\svn\MES\CODE\LY.MES\LY.MES.WCF\Dispatch\DispatchCenterSerivce.svc.cs:行号 219 

2017-02-14 10:37:08.4960  21 ERROR LY.MES.WCF.Dispatch.DispatchCenterSerivce+<DispatchArrangedCraftsProcessAsync>d__4.MoveNext
<DispatchArrangedCraftsProcessAsync>d__4.MoveNext => LoggerExtensions.Error => LoggerExtensions.FilteredLog
 - System.NullReferenceException: 未将对象引用设置到对象的实例。
   在 LY.MES.WCF.Dispatch.DispatchCenterSerivce.<DispatchArrangedCraftsProcessAsync>d__4.MoveNext() 位置 d:\svn\MES\CODE\LY.MES\LY.MES.WCF\Dispatch\DispatchCenterSerivce.svc.cs:行号 219 

2017-02-14 10:37:13.0002  21 ERROR LY.MES.WCF.Dispatch.DispatchCenterSerivce+<DispatchArrangedCraftsProcessAsync>d__4.MoveNext
<DispatchArrangedCraftsProcessAsync>d__4.MoveNext => LoggerExtensions.Error => LoggerExtensions.FilteredLog
 - System.NullReferenceException: 未将对象引用设置到对象的实例。
   在 LY.MES.WCF.Dispatch.DispatchCenterSerivce.<DispatchArrangedCraftsProcessAsync>d__4.MoveNext() 位置 d:\svn\MES\CODE\LY.MES\LY.MES.WCF\Dispatch\DispatchCenterSerivce.svc.cs:行号 219 

2017-02-14 10:37:17.2395  21 ERROR LY.MES.WCF.Dispatch.DispatchCenterSerivce+<DispatchArrangedCraftsProcessAsync>d__4.MoveNext
<DispatchArrangedCraftsProcessAsync>d__4.MoveNext => LoggerExtensions.Error => LoggerExtensions.FilteredLog
 - System.NullReferenceException: 未将对象引用设置到对象的实例。
   在 LY.MES.WCF.Dispatch.DispatchCenterSerivce.<DispatchArrangedCraftsProcessAsync>d__4.MoveNext() 位置 d:\svn\MES\CODE\LY.MES\LY.MES.WCF\Dispatch\DispatchCenterSerivce.svc.cs:行号 219 

2017-02-14 11:54:46.7244   5 ERROR LY.MES.WCF.Dispatch.DispatchCenterSerivce+<DispatchArrangedCraftsProcessAsync>d__4.MoveNext
<DispatchArrangedCraftsProcessAsync>d__4.MoveNext => LoggerExtensions.Error => LoggerExtensions.FilteredLog
 - System.NullReferenceException: 未将对象引用设置到对象的实例。
   在 LY.MES.WCF.Dispatch.DispatchCenterSerivce.<DispatchArrangedCraftsProcessAsync>d__4.MoveNext() 位置 d:\svn\MES\CODE\LY.MES\LY.MES.WCF\Dispatch\DispatchCenterSerivce.svc.cs:行号 209 

2017-02-14 11:55:17.8972   5 ERROR LY.MES.WCF.Dispatch.DispatchCenterSerivce+<DispatchArrangedCraftsProcessAsync>d__4.MoveNext
<DispatchArrangedCraftsProcessAsync>d__4.MoveNext => LoggerExtensions.Error => LoggerExtensions.FilteredLog
 - System.NullReferenceException: 未将对象引用设置到对象的实例。
   在 LY.MES.WCF.Dispatch.DispatchCenterSerivce.<DispatchArrangedCraftsProcessAsync>d__4.MoveNext() 位置 d:\svn\MES\CODE\LY.MES\LY.MES.WCF\Dispatch\DispatchCenterSerivce.svc.cs:行号 219 

2017-02-14 11:56:15.0625   5 ERROR LY.MES.WCF.Dispatch.DispatchCenterSerivce+<DispatchArrangedCraftsProcessAsync>d__4.MoveNext
<DispatchArrangedCraftsProcessAsync>d__4.MoveNext => LoggerExtensions.Error => LoggerExtensions.FilteredLog
 - System.NullReferenceException: 未将对象引用设置到对象的实例。
   在 LY.MES.WCF.Dispatch.DispatchCenterSerivce.<DispatchArrangedCraftsProcessAsync>d__4.MoveNext() 位置 d:\svn\MES\CODE\LY.MES\LY.MES.WCF\Dispatch\DispatchCenterSerivce.svc.cs:行号 219 

2017-02-14 11:56:36.1597  17 ERROR LY.MES.WCF.Dispatch.DispatchCenterSerivce+<DispatchArrangedCraftsProcessAsync>d__4.MoveNext
<DispatchArrangedCraftsProcessAsync>d__4.MoveNext => LoggerExtensions.Error => LoggerExtensions.FilteredLog
 - System.NullReferenceException: 未将对象引用设置到对象的实例。
   在 LY.MES.WCF.Dispatch.DispatchCenterSerivce.<DispatchArrangedCraftsProcessAsync>d__4.MoveNext() 位置 d:\svn\MES\CODE\LY.MES\LY.MES.WCF\Dispatch\DispatchCenterSerivce.svc.cs:行号 219 

2017-02-14 11:56:36.2027  17 ERROR LY.MES.WCF.Dispatch.DispatchCenterSerivce+<DispatchArrangedCraftsProcessAsync>d__4.MoveNext
<DispatchArrangedCraftsProcessAsync>d__4.MoveNext => LoggerExtensions.Error => LoggerExtensions.FilteredLog
 - System.NullReferenceException: 未将对象引用设置到对象的实例。
   在 LY.MES.WCF.Dispatch.DispatchCenterSerivce.<DispatchArrangedCraftsProcessAsync>d__4.MoveNext() 位置 d:\svn\MES\CODE\LY.MES\LY.MES.WCF\Dispatch\DispatchCenterSerivce.svc.cs:行号 219 

2017-02-14 11:57:03.9323  22 ERROR LY.MES.WCF.Dispatch.DispatchCenterSerivce+<DispatchArrangedCraftsProcessAsync>d__4.MoveNext
<DispatchArrangedCraftsProcessAsync>d__4.MoveNext => LoggerExtensions.Error => LoggerExtensions.FilteredLog
 - System.NullReferenceException: 未将对象引用设置到对象的实例。
   在 LY.MES.WCF.Dispatch.DispatchCenterSerivce.<DispatchArrangedCraftsProcessAsync>d__4.MoveNext() 位置 d:\svn\MES\CODE\LY.MES\LY.MES.WCF\Dispatch\DispatchCenterSerivce.svc.cs:行号 219 

2017-02-14 11:57:03.9773  22 ERROR LY.MES.WCF.Dispatch.DispatchCenterSerivce+<DispatchArrangedCraftsProcessAsync>d__4.MoveNext
<DispatchArrangedCraftsProcessAsync>d__4.MoveNext => LoggerExtensions.Error => LoggerExtensions.FilteredLog
 - System.NullReferenceException: 未将对象引用设置到对象的实例。
   在 LY.MES.WCF.Dispatch.DispatchCenterSerivce.<DispatchArrangedCraftsProcessAsync>d__4.MoveNext() 位置 d:\svn\MES\CODE\LY.MES\LY.MES.WCF\Dispatch\DispatchCenterSerivce.svc.cs:行号 219 

2017-02-14 11:57:42.2695  10 ERROR LY.MES.WCF.Dispatch.DispatchCenterSerivce+<DispatchArrangedCraftsProcessAsync>d__4.MoveNext
<DispatchArrangedCraftsProcessAsync>d__4.MoveNext => LoggerExtensions.Error => LoggerExtensions.FilteredLog
 - System.NullReferenceException: 未将对象引用设置到对象的实例。
   在 LY.MES.WCF.Dispatch.DispatchCenterSerivce.<DispatchArrangedCraftsProcessAsync>d__4.MoveNext() 位置 d:\svn\MES\CODE\LY.MES\LY.MES.WCF\Dispatch\DispatchCenterSerivce.svc.cs:行号 219 

2017-02-14 11:57:42.3165  10 ERROR LY.MES.WCF.Dispatch.DispatchCenterSerivce+<DispatchArrangedCraftsProcessAsync>d__4.MoveNext
<DispatchArrangedCraftsProcessAsync>d__4.MoveNext => LoggerExtensions.Error => LoggerExtensions.FilteredLog
 - System.NullReferenceException: 未将对象引用设置到对象的实例。
   在 LY.MES.WCF.Dispatch.DispatchCenterSerivce.<DispatchArrangedCraftsProcessAsync>d__4.MoveNext() 位置 d:\svn\MES\CODE\LY.MES\LY.MES.WCF\Dispatch\DispatchCenterSerivce.svc.cs:行号 219 

2017-02-14 11:58:04.2067  10 ERROR LY.MES.WCF.Dispatch.DispatchCenterSerivce+<DispatchArrangedCraftsProcessAsync>d__4.MoveNext
<DispatchArrangedCraftsProcessAsync>d__4.MoveNext => LoggerExtensions.Error => LoggerExtensions.FilteredLog
 - System.NullReferenceException: 未将对象引用设置到对象的实例。
   在 LY.MES.WCF.Dispatch.DispatchCenterSerivce.<DispatchArrangedCraftsProcessAsync>d__4.MoveNext() 位置 d:\svn\MES\CODE\LY.MES\LY.MES.WCF\Dispatch\DispatchCenterSerivce.svc.cs:行号 219 

2017-02-14 11:58:04.2677  10 ERROR LY.MES.WCF.Dispatch.DispatchCenterSerivce+<DispatchArrangedCraftsProcessAsync>d__4.MoveNext
<DispatchArrangedCraftsProcessAsync>d__4.MoveNext => LoggerExtensions.Error => LoggerExtensions.FilteredLog
 - System.NullReferenceException: 未将对象引用设置到对象的实例。
   在 LY.MES.WCF.Dispatch.DispatchCenterSerivce.<DispatchArrangedCraftsProcessAsync>d__4.MoveNext() 位置 d:\svn\MES\CODE\LY.MES\LY.MES.WCF\Dispatch\DispatchCenterSerivce.svc.cs:行号 219 

2017-02-14 11:58:25.4069  10 ERROR LY.MES.WCF.Dispatch.DispatchCenterSerivce+<DispatchArrangedCraftsProcessAsync>d__4.MoveNext
<DispatchArrangedCraftsProcessAsync>d__4.MoveNext => LoggerExtensions.Error => LoggerExtensions.FilteredLog
 - System.NullReferenceException: 未将对象引用设置到对象的实例。
   在 LY.MES.WCF.Dispatch.DispatchCenterSerivce.<DispatchArrangedCraftsProcessAsync>d__4.MoveNext() 位置 d:\svn\MES\CODE\LY.MES\LY.MES.WCF\Dispatch\DispatchCenterSerivce.svc.cs:行号 219 

2017-02-14 11:58:53.3765  10 ERROR LY.MES.WCF.Dispatch.DispatchCenterSerivce+<DispatchArrangedCraftsProcessAsync>d__4.MoveNext
<DispatchArrangedCraftsProcessAsync>d__4.MoveNext => LoggerExtensions.Error => LoggerExtensions.FilteredLog
 - System.NullReferenceException: 未将对象引用设置到对象的实例。
   在 LY.MES.WCF.Dispatch.DispatchCenterSerivce.<DispatchArrangedCraftsProcessAsync>d__4.MoveNext() 位置 d:\svn\MES\CODE\LY.MES\LY.MES.WCF\Dispatch\DispatchCenterSerivce.svc.cs:行号 219 

2017-02-14 11:59:16.9329  11 ERROR LY.MES.WCF.Dispatch.DispatchCenterSerivce+<DispatchArrangedCraftsProcessAsync>d__4.MoveNext
<DispatchArrangedCraftsProcessAsync>d__4.MoveNext => LoggerExtensions.Error => LoggerExtensions.FilteredLog
 - System.NullReferenceException: 未将对象引用设置到对象的实例。
   在 LY.MES.WCF.Dispatch.DispatchCenterSerivce.<DispatchArrangedCraftsProcessAsync>d__4.MoveNext() 位置 d:\svn\MES\CODE\LY.MES\LY.MES.WCF\Dispatch\DispatchCenterSerivce.svc.cs:行号 219 

2017-02-14 14:46:14.3418  20 ERROR LY.MES.WCF.Dispatch.DispatchCenterSerivce+<DispatchArrangedCraftsProcessAsync>d__4.MoveNext
<DispatchArrangedCraftsProcessAsync>d__4.MoveNext => LoggerExtensions.Error => LoggerExtensions.FilteredLog
 - System.NullReferenceException: 未将对象引用设置到对象的实例。
   在 LY.MES.WCF.Dispatch.DispatchCenterSerivce.<DispatchArrangedCraftsProcessAsync>d__4.MoveNext() 位置 d:\svn\MES\CODE\LY.MES\LY.MES.WCF\Dispatch\DispatchCenterSerivce.svc.cs:行号 209 

