2017-05-05 10:55:59.6758  11 ERROR LY.MES.Service.ThirdSystem.ForQZDBServices.GetQZWeight
ForQZDBServices.GetQZWeight => LoggerExtensions.Error => LoggerExtensions.FilteredLog
 - 引发类型为“System.OutOfMemoryException”的异常。 

2017-05-05 11:25:25.1218   8 DEBUG LY.MES.WCF.Base.DeviceService.GetDeviceClassList
DeviceService.GetDeviceClassList => LoggerExtensions.Debug => LoggerExtensions.FilteredLog
 - 时长:1103 

2017-05-05 11:27:45.4688   8 DEBUG LY.MES.WCF.Base.DeviceService.GetDeviceClassList
DeviceService.GetDeviceClassList => LoggerExtensions.Debug => LoggerExtensions.FilteredLog
 - 时长:10 

2017-05-05 15:56:14.6242  17 DEBUG LY.MES.WCF.Base.DeviceService.GetDeviceClassList
DeviceService.GetDeviceClassList => LoggerExtensions.Debug => LoggerExtensions.FilteredLog
 - 时长:1186 

2017-05-05 16:37:14.8769   7 DEBUG LY.MES.WCF.Base.DeviceService.GetDeviceClassList
DeviceService.GetDeviceClassList => LoggerExtensions.Debug => LoggerExtensions.FilteredLog
 - 时长:1010 

2017-05-05 16:59:27.3041  53 DEBUG LY.MES.WCF.Base.DeviceService.GetDeviceClassList
DeviceService.GetDeviceClassList => LoggerExtensions.Debug => LoggerExtensions.FilteredLog
 - 时长:6 

2017-05-05 16:59:33.9345  60 DEBUG LY.MES.WCF.Base.DeviceService.GetDeviceClassList
DeviceService.GetDeviceClassList => LoggerExtensions.Debug => LoggerExtensions.FilteredLog
 - 时长:5 

2017-05-05 16:59:49.7074  60 DEBUG LY.MES.WCF.Base.DeviceService.GetDeviceClassList
DeviceService.GetDeviceClassList => LoggerExtensions.Debug => LoggerExtensions.FilteredLog
 - 时长:5 

2017-05-05 16:59:54.4947  61 DEBUG LY.MES.WCF.Base.DeviceService.GetDeviceClassList
DeviceService.GetDeviceClassList => LoggerExtensions.Debug => LoggerExtensions.FilteredLog
 - 时长:6 

2017-05-05 17:02:24.4383  65 DEBUG LY.MES.WCF.Base.DeviceService.GetDeviceClassList
DeviceService.GetDeviceClassList => LoggerExtensions.Debug => LoggerExtensions.FilteredLog
 - 时长:5 

2017-05-05 17:03:10.4149  77 DEBUG LY.MES.WCF.Base.DeviceService.GetDeviceClassList
DeviceService.GetDeviceClassList => LoggerExtensions.Debug => LoggerExtensions.FilteredLog
 - 时长:10 

2017-05-05 17:03:28.1359  77 DEBUG LY.MES.WCF.Base.DeviceService.GetDeviceClassList
DeviceService.GetDeviceClassList => LoggerExtensions.Debug => LoggerExtensions.FilteredLog
 - 时长:8 

2017-05-05 17:03:56.1365  77 DEBUG LY.MES.WCF.Base.DeviceService.GetDeviceClassList
DeviceService.GetDeviceClassList => LoggerExtensions.Debug => LoggerExtensions.FilteredLog
 - 时长:8 

2017-05-05 17:04:15.8486  77 DEBUG LY.MES.WCF.Base.DeviceService.GetDeviceClassList
DeviceService.GetDeviceClassList => LoggerExtensions.Debug => LoggerExtensions.FilteredLog
 - 时长:5 

2017-05-05 17:04:29.9444  79 DEBUG LY.MES.WCF.Base.DeviceService.GetDeviceClassList
DeviceService.GetDeviceClassList => LoggerExtensions.Debug => LoggerExtensions.FilteredLog
 - 时长:5 

2017-05-05 17:04:43.2552  79 DEBUG LY.MES.WCF.Base.DeviceService.GetDeviceClassList
DeviceService.GetDeviceClassList => LoggerExtensions.Debug => LoggerExtensions.FilteredLog
 - 时长:6 

2017-05-05 17:04:55.9789  77 DEBUG LY.MES.WCF.Base.DeviceService.GetDeviceClassList
DeviceService.GetDeviceClassList => LoggerExtensions.Debug => LoggerExtensions.FilteredLog
 - 时长:5 

2017-05-05 17:05:24.4645  77 DEBUG LY.MES.WCF.Base.DeviceService.GetDeviceClassList
DeviceService.GetDeviceClassList => LoggerExtensions.Debug => LoggerExtensions.FilteredLog
 - 时长:5 

2017-05-05 17:06:59.8710  70 DEBUG LY.MES.WCF.Base.DeviceService.GetDeviceClassList
DeviceService.GetDeviceClassList => LoggerExtensions.Debug => LoggerExtensions.FilteredLog
 - 时长:6 

2017-05-05 17:07:23.3293  70 DEBUG LY.MES.WCF.Base.DeviceService.GetDeviceClassList
DeviceService.GetDeviceClassList => LoggerExtensions.Debug => LoggerExtensions.FilteredLog
 - 时长:5 

2017-05-05 17:07:37.1881  71 DEBUG LY.MES.WCF.Base.DeviceService.GetDeviceClassList
DeviceService.GetDeviceClassList => LoggerExtensions.Debug => LoggerExtensions.FilteredLog
 - 时长:26 

2017-05-05 17:07:50.4689  70 DEBUG LY.MES.WCF.Base.DeviceService.GetDeviceClassList
DeviceService.GetDeviceClassList => LoggerExtensions.Debug => LoggerExtensions.FilteredLog
 - 时长:5 

2017-05-05 17:08:03.3786  71 DEBUG LY.MES.WCF.Base.DeviceService.GetDeviceClassList
DeviceService.GetDeviceClassList => LoggerExtensions.Debug => LoggerExtensions.FilteredLog
 - 时长:5 

2017-05-05 17:08:16.4714  70 DEBUG LY.MES.WCF.Base.DeviceService.GetDeviceClassList
DeviceService.GetDeviceClassList => LoggerExtensions.Debug => LoggerExtensions.FilteredLog
 - 时长:5 

2017-05-05 17:08:28.7061  71 DEBUG LY.MES.WCF.Base.DeviceService.GetDeviceClassList
DeviceService.GetDeviceClassList => LoggerExtensions.Debug => LoggerExtensions.FilteredLog
 - 时长:5 

2017-05-05 17:17:47.2710   9 DEBUG LY.MES.WCF.Base.DeviceService.GetDeviceClassList
DeviceService.GetDeviceClassList => LoggerExtensions.Debug => LoggerExtensions.FilteredLog
 - 时长:784 

2017-05-05 18:28:18.9871   8 DEBUG LY.MES.WCF.Base.DeviceService.GetDeviceClassList
DeviceService.GetDeviceClassList => LoggerExtensions.Debug => LoggerExtensions.FilteredLog
 - 时长:919 

2017-05-05 18:36:33.2673   8 DEBUG LY.MES.WCF.Base.DeviceService.GetDeviceClassList
DeviceService.GetDeviceClassList => LoggerExtensions.Debug => LoggerExtensions.FilteredLog
 - 时长:941 

2017-05-05 18:58:00.5730  12 DEBUG LY.MES.WCF.Base.DeviceService.GetDeviceClassList
DeviceService.GetDeviceClassList => LoggerExtensions.Debug => LoggerExtensions.FilteredLog
 - 时长:1078 

2017-05-05 19:55:11.2282  14 DEBUG LY.MES.WCF.Base.DeviceService.GetDeviceClassList
DeviceService.GetDeviceClassList => LoggerExtensions.Debug => LoggerExtensions.FilteredLog
 - 时长:999 

