2017-04-01 10:07:33.9795   8 DEBUG LY.MES.WCF.Base.DeviceService.GetDeviceClassList
DeviceService.GetDeviceClassList => LoggerExtensions.Debug => LoggerExtensions.FilteredLog
 - 时长:1220 

2017-04-01 10:15:06.0454  39 ERROR LY.MES.WCF.Dispatch.DispatchCenterSerivce+<DispatchArrangedCraftsProcessAsync>d__4.MoveNext
<DispatchArrangedCraftsProcessAsync>d__4.MoveNext => LoggerExtensions.Error => LoggerExtensions.FilteredLog
 - System.NullReferenceException: 未将对象引用设置到对象的实例。
   在 LY.MES.WCF.Dispatch.DispatchCenterSerivce.<DispatchArrangedCraftsProcessAsync>d__4.MoveNext() 位置 d:\svn\MES\CODE\LY.MES\LY.MES.WCF\Dispatch\DispatchCenterSerivce.svc.cs:行号 233 

2017-04-01 10:15:19.0811  39 ERROR LY.MES.WCF.Dispatch.DispatchCenterSerivce+<DispatchArrangedCraftsProcessAsync>d__4.MoveNext
<DispatchArrangedCraftsProcessAsync>d__4.MoveNext => LoggerExtensions.Error => LoggerExtensions.FilteredLog
 - System.NullReferenceException: 未将对象引用设置到对象的实例。
   在 LY.MES.WCF.Dispatch.DispatchCenterSerivce.<DispatchArrangedCraftsProcessAsync>d__4.MoveNext() 位置 d:\svn\MES\CODE\LY.MES\LY.MES.WCF\Dispatch\DispatchCenterSerivce.svc.cs:行号 233 

2017-04-01 10:15:27.1436  39 ERROR LY.MES.WCF.Dispatch.DispatchCenterSerivce+<DispatchArrangedCraftsProcessAsync>d__4.MoveNext
<DispatchArrangedCraftsProcessAsync>d__4.MoveNext => LoggerExtensions.Error => LoggerExtensions.FilteredLog
 - System.NullReferenceException: 未将对象引用设置到对象的实例。
   在 LY.MES.WCF.Dispatch.DispatchCenterSerivce.<DispatchArrangedCraftsProcessAsync>d__4.MoveNext() 位置 d:\svn\MES\CODE\LY.MES\LY.MES.WCF\Dispatch\DispatchCenterSerivce.svc.cs:行号 233 

2017-04-01 10:42:45.5493   8 DEBUG LY.MES.WCF.Base.DeviceService.GetDeviceClassList
DeviceService.GetDeviceClassList => LoggerExtensions.Debug => LoggerExtensions.FilteredLog
 - 时长:1121 

2017-04-01 10:45:26.1755  11 DEBUG LY.MES.WCF.Base.DeviceService.GetDeviceClassList
DeviceService.GetDeviceClassList => LoggerExtensions.Debug => LoggerExtensions.FilteredLog
 - 时长:9 

2017-04-01 10:53:51.5244  11 DEBUG LY.MES.WCF.Base.DeviceService.GetDeviceClassList
DeviceService.GetDeviceClassList => LoggerExtensions.Debug => LoggerExtensions.FilteredLog
 - 时长:75 

