2017-01-11 09:38:44.9856  27 ERROR LY.MES.WCF.Dispatch.DispatchCenterSerivce+<DispatchArrangedCraftsProcessAsync>d__4.MoveNext
<DispatchArrangedCraftsProcessAsync>d__4.MoveNext => LoggerExtensions.Error => LoggerExtensions.FilteredLog
 - System.NullReferenceException: 未将对象引用设置到对象的实例。
   在 LY.MES.WCF.Dispatch.DispatchCenterSerivce.<DispatchArrangedCraftsProcessAsync>d__4.MoveNext() 位置 d:\svn\MES\CODE\LY.MES\LY.MES.WCF\Dispatch\DispatchCenterSerivce.svc.cs:行号 225 

2017-01-11 09:38:50.6160  27 ERROR LY.MES.WCF.Dispatch.DispatchCenterSerivce+<DispatchArrangedCraftsProcessAsync>d__4.MoveNext
<DispatchArrangedCraftsProcessAsync>d__4.MoveNext => LoggerExtensions.Error => LoggerExtensions.FilteredLog
 - System.NullReferenceException: 未将对象引用设置到对象的实例。
   在 LY.MES.WCF.Dispatch.DispatchCenterSerivce.<DispatchArrangedCraftsProcessAsync>d__4.MoveNext() 位置 d:\svn\MES\CODE\LY.MES\LY.MES.WCF\Dispatch\DispatchCenterSerivce.svc.cs:行号 225 

2017-01-11 09:42:35.9198   7 ERROR LY.MES.WCF.Dispatch.DispatchCenterSerivce+<DispatchArrangedCraftsProcessAsync>d__4.MoveNext
<DispatchArrangedCraftsProcessAsync>d__4.MoveNext => LoggerExtensions.Error => LoggerExtensions.FilteredLog
 - System.NullReferenceException: 未将对象引用设置到对象的实例。
   在 LY.MES.WCF.Dispatch.DispatchCenterSerivce.<DispatchArrangedCraftsProcessAsync>d__4.MoveNext() 位置 d:\svn\MES\CODE\LY.MES\LY.MES.WCF\Dispatch\DispatchCenterSerivce.svc.cs:行号 215 

2017-01-11 10:22:42.1165  13 ERROR LY.MES.WCF.Dispatch.DispatchCenterSerivce+<DispatchArrangedCraftsProcessAsync>d__4.MoveNext
<DispatchArrangedCraftsProcessAsync>d__4.MoveNext => LoggerExtensions.Error => LoggerExtensions.FilteredLog
 - System.NullReferenceException: 未将对象引用设置到对象的实例。
   在 LY.MES.WCF.Dispatch.DispatchCenterSerivce.<DispatchArrangedCraftsProcessAsync>d__4.MoveNext() 位置 d:\svn\MES\CODE\LY.MES\LY.MES.WCF\Dispatch\DispatchCenterSerivce.svc.cs:行号 225 

2017-01-11 15:42:35.6323  12 ERROR LY.MES.WCF.Dispatch.DispatchCenterSerivce+<DispatchArrangedCraftsProcessAsync>d__4.MoveNext
<DispatchArrangedCraftsProcessAsync>d__4.MoveNext => LoggerExtensions.Error => LoggerExtensions.FilteredLog
 - System.NullReferenceException: 未将对象引用设置到对象的实例。
   在 LY.MES.WCF.Dispatch.DispatchCenterSerivce.<DispatchArrangedCraftsProcessAsync>d__4.MoveNext() 位置 d:\svn\MES\CODE\LY.MES\LY.MES.WCF\Dispatch\DispatchCenterSerivce.svc.cs:行号 215 

2017-01-11 15:42:43.8617  24 ERROR LY.MES.WCF.Dispatch.DispatchCenterSerivce+<DispatchArrangedCraftsProcessAsync>d__4.MoveNext
<DispatchArrangedCraftsProcessAsync>d__4.MoveNext => LoggerExtensions.Error => LoggerExtensions.FilteredLog
 - System.NullReferenceException: 未将对象引用设置到对象的实例。
   在 LY.MES.WCF.Dispatch.DispatchCenterSerivce.<DispatchArrangedCraftsProcessAsync>d__4.MoveNext() 位置 d:\svn\MES\CODE\LY.MES\LY.MES.WCF\Dispatch\DispatchCenterSerivce.svc.cs:行号 225 

2017-01-11 15:42:51.2762  12 ERROR LY.MES.WCF.Dispatch.DispatchCenterSerivce+<DispatchArrangedCraftsProcessAsync>d__4.MoveNext
<DispatchArrangedCraftsProcessAsync>d__4.MoveNext => LoggerExtensions.Error => LoggerExtensions.FilteredLog
 - System.NullReferenceException: 未将对象引用设置到对象的实例。
   在 LY.MES.WCF.Dispatch.DispatchCenterSerivce.<DispatchArrangedCraftsProcessAsync>d__4.MoveNext() 位置 d:\svn\MES\CODE\LY.MES\LY.MES.WCF\Dispatch\DispatchCenterSerivce.svc.cs:行号 225 

2017-01-11 15:43:15.8276  12 ERROR LY.MES.WCF.Dispatch.DispatchCenterSerivce+<DispatchArrangedCraftsProcessAsync>d__4.MoveNext
<DispatchArrangedCraftsProcessAsync>d__4.MoveNext => LoggerExtensions.Error => LoggerExtensions.FilteredLog
 - System.NullReferenceException: 未将对象引用设置到对象的实例。
   在 LY.MES.WCF.Dispatch.DispatchCenterSerivce.<DispatchArrangedCraftsProcessAsync>d__4.MoveNext() 位置 d:\svn\MES\CODE\LY.MES\LY.MES.WCF\Dispatch\DispatchCenterSerivce.svc.cs:行号 215 

2017-01-11 15:43:22.2599  12 ERROR LY.MES.WCF.Dispatch.DispatchCenterSerivce+<DispatchArrangedCraftsProcessAsync>d__4.MoveNext
<DispatchArrangedCraftsProcessAsync>d__4.MoveNext => LoggerExtensions.Error => LoggerExtensions.FilteredLog
 - System.NullReferenceException: 未将对象引用设置到对象的实例。
   在 LY.MES.WCF.Dispatch.DispatchCenterSerivce.<DispatchArrangedCraftsProcessAsync>d__4.MoveNext() 位置 d:\svn\MES\CODE\LY.MES\LY.MES.WCF\Dispatch\DispatchCenterSerivce.svc.cs:行号 225 

2017-01-11 15:43:34.6217   9 ERROR LY.MES.WCF.Dispatch.DispatchCenterSerivce+<DispatchArrangedCraftsProcessAsync>d__4.MoveNext
<DispatchArrangedCraftsProcessAsync>d__4.MoveNext => LoggerExtensions.Error => LoggerExtensions.FilteredLog
 - System.NullReferenceException: 未将对象引用设置到对象的实例。
   在 LY.MES.WCF.Dispatch.DispatchCenterSerivce.<DispatchArrangedCraftsProcessAsync>d__4.MoveNext() 位置 d:\svn\MES\CODE\LY.MES\LY.MES.WCF\Dispatch\DispatchCenterSerivce.svc.cs:行号 225 

2017-01-11 15:43:36.2217   9 ERROR LY.MES.WCF.Dispatch.DispatchCenterSerivce+<DispatchArrangedCraftsProcessAsync>d__4.MoveNext
<DispatchArrangedCraftsProcessAsync>d__4.MoveNext => LoggerExtensions.Error => LoggerExtensions.FilteredLog
 - System.NullReferenceException: 未将对象引用设置到对象的实例。
   在 LY.MES.WCF.Dispatch.DispatchCenterSerivce.<DispatchArrangedCraftsProcessAsync>d__4.MoveNext() 位置 d:\svn\MES\CODE\LY.MES\LY.MES.WCF\Dispatch\DispatchCenterSerivce.svc.cs:行号 225 

2017-01-11 15:43:36.2657   9 ERROR LY.MES.WCF.Dispatch.DispatchCenterSerivce+<DispatchArrangedCraftsProcessAsync>d__4.MoveNext
<DispatchArrangedCraftsProcessAsync>d__4.MoveNext => LoggerExtensions.Error => LoggerExtensions.FilteredLog
 - System.NullReferenceException: 未将对象引用设置到对象的实例。
   在 LY.MES.WCF.Dispatch.DispatchCenterSerivce.<DispatchArrangedCraftsProcessAsync>d__4.MoveNext() 位置 d:\svn\MES\CODE\LY.MES\LY.MES.WCF\Dispatch\DispatchCenterSerivce.svc.cs:行号 225 

2017-01-11 15:43:37.7628   9 ERROR LY.MES.WCF.Dispatch.DispatchCenterSerivce+<DispatchArrangedCraftsProcessAsync>d__4.MoveNext
<DispatchArrangedCraftsProcessAsync>d__4.MoveNext => LoggerExtensions.Error => LoggerExtensions.FilteredLog
 - System.NullReferenceException: 未将对象引用设置到对象的实例。
   在 LY.MES.WCF.Dispatch.DispatchCenterSerivce.<DispatchArrangedCraftsProcessAsync>d__4.MoveNext() 位置 d:\svn\MES\CODE\LY.MES\LY.MES.WCF\Dispatch\DispatchCenterSerivce.svc.cs:行号 225 

2017-01-11 15:43:37.8038   9 ERROR LY.MES.WCF.Dispatch.DispatchCenterSerivce+<DispatchArrangedCraftsProcessAsync>d__4.MoveNext
<DispatchArrangedCraftsProcessAsync>d__4.MoveNext => LoggerExtensions.Error => LoggerExtensions.FilteredLog
 - System.NullReferenceException: 未将对象引用设置到对象的实例。
   在 LY.MES.WCF.Dispatch.DispatchCenterSerivce.<DispatchArrangedCraftsProcessAsync>d__4.MoveNext() 位置 d:\svn\MES\CODE\LY.MES\LY.MES.WCF\Dispatch\DispatchCenterSerivce.svc.cs:行号 225 

2017-01-11 15:43:39.3229   9 ERROR LY.MES.WCF.Dispatch.DispatchCenterSerivce+<DispatchArrangedCraftsProcessAsync>d__4.MoveNext
<DispatchArrangedCraftsProcessAsync>d__4.MoveNext => LoggerExtensions.Error => LoggerExtensions.FilteredLog
 - System.NullReferenceException: 未将对象引用设置到对象的实例。
   在 LY.MES.WCF.Dispatch.DispatchCenterSerivce.<DispatchArrangedCraftsProcessAsync>d__4.MoveNext() 位置 d:\svn\MES\CODE\LY.MES\LY.MES.WCF\Dispatch\DispatchCenterSerivce.svc.cs:行号 225 

2017-01-11 16:21:12.2330  12 ERROR LY.MES.WCF.Dispatch.DispatchCenterSerivce+<DispatchArrangedCraftsProcessAsync>d__4.MoveNext
<DispatchArrangedCraftsProcessAsync>d__4.MoveNext => LoggerExtensions.Error => LoggerExtensions.FilteredLog
 - System.NullReferenceException: 未将对象引用设置到对象的实例。
   在 LY.MES.WCF.Dispatch.DispatchCenterSerivce.<DispatchArrangedCraftsProcessAsync>d__4.MoveNext() 位置 d:\svn\MES\CODE\LY.MES\LY.MES.WCF\Dispatch\DispatchCenterSerivce.svc.cs:行号 225 

2017-01-11 16:21:12.3530  12 ERROR LY.MES.WCF.Dispatch.DispatchCenterSerivce+<DispatchArrangedCraftsProcessAsync>d__4.MoveNext
<DispatchArrangedCraftsProcessAsync>d__4.MoveNext => LoggerExtensions.Error => LoggerExtensions.FilteredLog
 - System.NullReferenceException: 未将对象引用设置到对象的实例。
   在 LY.MES.WCF.Dispatch.DispatchCenterSerivce.<DispatchArrangedCraftsProcessAsync>d__4.MoveNext() 位置 d:\svn\MES\CODE\LY.MES\LY.MES.WCF\Dispatch\DispatchCenterSerivce.svc.cs:行号 225 

2017-01-11 16:21:15.4612  12 ERROR LY.MES.WCF.Dispatch.DispatchCenterSerivce+<DispatchArrangedCraftsProcessAsync>d__4.MoveNext
<DispatchArrangedCraftsProcessAsync>d__4.MoveNext => LoggerExtensions.Error => LoggerExtensions.FilteredLog
 - System.NullReferenceException: 未将对象引用设置到对象的实例。
   在 LY.MES.WCF.Dispatch.DispatchCenterSerivce.<DispatchArrangedCraftsProcessAsync>d__4.MoveNext() 位置 d:\svn\MES\CODE\LY.MES\LY.MES.WCF\Dispatch\DispatchCenterSerivce.svc.cs:行号 225 

2017-01-11 16:21:21.9595  14 ERROR LY.MES.WCF.Dispatch.DispatchCenterSerivce+<DispatchArrangedCraftsProcessAsync>d__4.MoveNext
<DispatchArrangedCraftsProcessAsync>d__4.MoveNext => LoggerExtensions.Error => LoggerExtensions.FilteredLog
 - System.NullReferenceException: 未将对象引用设置到对象的实例。
   在 LY.MES.WCF.Dispatch.DispatchCenterSerivce.<DispatchArrangedCraftsProcessAsync>d__4.MoveNext() 位置 d:\svn\MES\CODE\LY.MES\LY.MES.WCF\Dispatch\DispatchCenterSerivce.svc.cs:行号 225 

2017-01-11 16:21:26.8328   9 ERROR LY.MES.WCF.Dispatch.DispatchCenterSerivce+<DispatchArrangedCraftsProcessAsync>d__4.MoveNext
<DispatchArrangedCraftsProcessAsync>d__4.MoveNext => LoggerExtensions.Error => LoggerExtensions.FilteredLog
 - System.NullReferenceException: 未将对象引用设置到对象的实例。
   在 LY.MES.WCF.Dispatch.DispatchCenterSerivce.<DispatchArrangedCraftsProcessAsync>d__4.MoveNext() 位置 d:\svn\MES\CODE\LY.MES\LY.MES.WCF\Dispatch\DispatchCenterSerivce.svc.cs:行号 225 

2017-01-11 16:21:41.5087  12 ERROR LY.MES.WCF.Dispatch.DispatchCenterSerivce+<DispatchArrangedCraftsProcessAsync>d__4.MoveNext
<DispatchArrangedCraftsProcessAsync>d__4.MoveNext => LoggerExtensions.Error => LoggerExtensions.FilteredLog
 - System.NullReferenceException: 未将对象引用设置到对象的实例。
   在 LY.MES.WCF.Dispatch.DispatchCenterSerivce.<DispatchArrangedCraftsProcessAsync>d__4.MoveNext() 位置 d:\svn\MES\CODE\LY.MES\LY.MES.WCF\Dispatch\DispatchCenterSerivce.svc.cs:行号 225 

